  main.cpp
d:\studio 3\raytracer_20170207\raytracer\raytracer\CImg.h(49739): warning C4267: 'argument': conversion from 'size_t' to 'const unsigned int', possible loss of data
main.cpp(47): warning C4244: 'argument': conversion from 'float' to 'const unsigned int', possible loss of data
main.cpp(65): warning C4244: '*=': conversion from 'float' to 'unsigned int', possible loss of data
main.cpp(66): warning C4244: '*=': conversion from 'float' to 'unsigned int', possible loss of data
d:\studio 3\raytracer_20170207\raytracer\raytracer\CImg.h(13924): warning C4456: declaration of 'ns' hides previous local declaration
  d:\studio 3\raytracer_20170207\raytracer\raytracer\CImg.h(13918): note: see declaration of 'ns'
  d:\studio 3\raytracer_20170207\raytracer\raytracer\CImg.h(13813): note: while compiling class template member function 'unsigned int cimg_library::CImg<float>::_cimg_math_parser::compile(char *const ,char *const )'
  d:\studio 3\raytracer_20170207\raytracer\raytracer\CImg.h(13770): note: see reference to function template instantiation 'unsigned int cimg_library::CImg<float>::_cimg_math_parser::compile(char *const ,char *const )' being compiled
  d:\studio 3\raytracer_20170207\raytracer\raytracer\CImg.h(16066): note: see reference to class template instantiation 'cimg_library::CImg<float>::_cimg_math_parser' being compiled
  d:\studio 3\raytracer_20170207\raytracer\raytracer\CImg.h(16064): note: while compiling class template member function 'double cimg_library::CImg<float>::eval(const char *const ,const double,const double,const double,const double) const'
  d:\studio 3\raytracer_20170207\raytracer\raytracer\CImg.h(50036): note: see reference to function template instantiation 'double cimg_library::CImg<float>::eval(const char *const ,const double,const double,const double,const double) const' being compiled
  d:\studio 3\raytracer_20170207\raytracer\raytracer\CImg.h(50035): note: see reference to class template instantiation 'cimg_library::CImg<float>' being compiled
d:\studio 3\raytracer_20170207\raytracer\raytracer\CImg.h(14145): warning C4458: declaration of 'opcode' hides class member
  d:\studio 3\raytracer_20170207\raytracer\raytracer\CImg.h(13683): note: see declaration of 'cimg_library::CImg<float>::_cimg_math_parser::opcode'
d:\studio 3\raytracer_20170207\raytracer\raytracer\CImg.h(14160): warning C4458: declaration of 'opcode' hides class member
  d:\studio 3\raytracer_20170207\raytracer\raytracer\CImg.h(13683): note: see declaration of 'cimg_library::CImg<float>::_cimg_math_parser::opcode'
d:\studio 3\raytracer_20170207\raytracer\raytracer\CImg.h(14188): warning C4456: declaration of 'sep' hides previous local declaration
  d:\studio 3\raytracer_20170207\raytracer\raytracer\CImg.h(13829): note: see declaration of 'sep'
d:\studio 3\raytracer_20170207\raytracer\raytracer\CImg.h(14188): warning C4456: declaration of 'end' hides previous local declaration
  d:\studio 3\raytracer_20170207\raytracer\raytracer\CImg.h(13829): note: see declaration of 'end'
d:\studio 3\raytracer_20170207\raytracer\raytracer\CImg.h(14188): warning C4456: declaration of 'val' hides previous local declaration
  d:\studio 3\raytracer_20170207\raytracer\raytracer\CImg.h(13829): note: see declaration of 'val'
d:\studio 3\raytracer_20170207\raytracer\raytracer\CImg.h(14197): warning C4456: declaration of 'nb' hides previous local declaration
  d:\studio 3\raytracer_20170207\raytracer\raytracer\CImg.h(13830): note: see declaration of 'nb'
d:\studio 3\raytracer_20170207\raytracer\raytracer\CImg.h(14319): warning C4319: '~': zero extending 'unsigned long' to 'double' of greater size
  d:\studio 3\raytracer_20170207\raytracer\raytracer\CImg.h(14318): note: while compiling class template member function 'double cimg_library::CImg<float>::_cimg_math_parser::mp_bitwise_not(cimg_library::CImg<float>::_cimg_math_parser &)'
  d:\studio 3\raytracer_20170207\raytracer\raytracer\CImg.h(14049): note: see reference to function template instantiation 'double cimg_library::CImg<float>::_cimg_math_parser::mp_bitwise_not(cimg_library::CImg<float>::_cimg_math_parser &)' being compiled
d:\studio 3\raytracer_20170207\raytracer\raytracer\CImg.h(20816): warning C4456: declaration of 'poff' hides previous local declaration
  d:\studio 3\raytracer_20170207\raytracer\raytracer\CImg.h(20802): note: see declaration of 'poff'
  d:\studio 3\raytracer_20170207\raytracer\raytracer\CImg.h(20534): note: while compiling class template member function 'cimg_library::CImg<unsigned int> cimg_library::CImg<unsigned int>::get_resize(const int,const int,const int,const int,const int,const unsigned int,const float,const float,const float,const float) const'
  d:\studio 3\raytracer_20170207\raytracer\raytracer\CImg.h(20525): note: see reference to function template instantiation 'cimg_library::CImg<unsigned int> cimg_library::CImg<unsigned int>::get_resize(const int,const int,const int,const int,const int,const unsigned int,const float,const float,const float,const float) const' being compiled
  d:\studio 3\raytracer_20170207\raytracer\raytracer\CImg.h(13686): note: see reference to class template instantiation 'cimg_library::CImg<unsigned int>' being compiled
d:\studio 3\raytracer_20170207\raytracer\raytracer\CImg.h(20817): warning C4456: declaration of 'pfoff' hides previous local declaration
  d:\studio 3\raytracer_20170207\raytracer\raytracer\CImg.h(20803): note: see declaration of 'pfoff'
d:\studio 3\raytracer_20170207\raytracer\raytracer\CImg.h(20851): warning C4456: declaration of 'poff' hides previous local declaration
  d:\studio 3\raytracer_20170207\raytracer\raytracer\CImg.h(20837): note: see declaration of 'poff'
d:\studio 3\raytracer_20170207\raytracer\raytracer\CImg.h(20852): warning C4456: declaration of 'pfoff' hides previous local declaration
  d:\studio 3\raytracer_20170207\raytracer\raytracer\CImg.h(20838): note: see declaration of 'pfoff'
d:\studio 3\raytracer_20170207\raytracer\raytracer\CImg.h(20889): warning C4456: declaration of 'poff' hides previous local declaration
  d:\studio 3\raytracer_20170207\raytracer\raytracer\CImg.h(20875): note: see declaration of 'poff'
d:\studio 3\raytracer_20170207\raytracer\raytracer\CImg.h(20890): warning C4456: declaration of 'pfoff' hides previous local declaration
  d:\studio 3\raytracer_20170207\raytracer\raytracer\CImg.h(20876): note: see declaration of 'pfoff'
d:\studio 3\raytracer_20170207\raytracer\raytracer\CImg.h(20928): warning C4456: declaration of 'poff' hides previous local declaration
  d:\studio 3\raytracer_20170207\raytracer\raytracer\CImg.h(20914): note: see declaration of 'poff'
d:\studio 3\raytracer_20170207\raytracer\raytracer\CImg.h(20929): warning C4456: declaration of 'pfoff' hides previous local declaration
  d:\studio 3\raytracer_20170207\raytracer\raytracer\CImg.h(20915): note: see declaration of 'pfoff'
d:\studio 3\raytracer_20170207\raytracer\raytracer\CImg.h(21041): warning C4456: declaration of 'poff' hides previous local declaration
  d:\studio 3\raytracer_20170207\raytracer\raytracer\CImg.h(21027): note: see declaration of 'poff'
d:\studio 3\raytracer_20170207\raytracer\raytracer\CImg.h(21042): warning C4456: declaration of 'pfoff' hides previous local declaration
  d:\studio 3\raytracer_20170207\raytracer\raytracer\CImg.h(21028): note: see declaration of 'pfoff'
d:\studio 3\raytracer_20170207\raytracer\raytracer\CImg.h(21082): warning C4456: declaration of 'poff' hides previous local declaration
  d:\studio 3\raytracer_20170207\raytracer\raytracer\CImg.h(21068): note: see declaration of 'poff'
d:\studio 3\raytracer_20170207\raytracer\raytracer\CImg.h(21083): warning C4456: declaration of 'pfoff' hides previous local declaration
  d:\studio 3\raytracer_20170207\raytracer\raytracer\CImg.h(21069): note: see declaration of 'pfoff'
d:\studio 3\raytracer_20170207\raytracer\raytracer\CImg.h(21126): warning C4456: declaration of 'poff' hides previous local declaration
  d:\studio 3\raytracer_20170207\raytracer\raytracer\CImg.h(21112): note: see declaration of 'poff'
d:\studio 3\raytracer_20170207\raytracer\raytracer\CImg.h(21127): warning C4456: declaration of 'pfoff' hides previous local declaration
  d:\studio 3\raytracer_20170207\raytracer\raytracer\CImg.h(21113): note: see declaration of 'pfoff'
d:\studio 3\raytracer_20170207\raytracer\raytracer\CImg.h(21171): warning C4456: declaration of 'poff' hides previous local declaration
  d:\studio 3\raytracer_20170207\raytracer\raytracer\CImg.h(21157): note: see declaration of 'poff'
d:\studio 3\raytracer_20170207\raytracer\raytracer\CImg.h(21172): warning C4456: declaration of 'pfoff' hides previous local declaration
  d:\studio 3\raytracer_20170207\raytracer\raytracer\CImg.h(21158): note: see declaration of 'pfoff'
d:\studio 3\raytracer_20170207\raytracer\raytracer\CImg.h(21226): warning C4456: declaration of 'poff' hides previous local declaration
  d:\studio 3\raytracer_20170207\raytracer\raytracer\CImg.h(21211): note: see declaration of 'poff'
d:\studio 3\raytracer_20170207\raytracer\raytracer\CImg.h(21227): warning C4456: declaration of 'pfoff' hides previous local declaration
  d:\studio 3\raytracer_20170207\raytracer\raytracer\CImg.h(21212): note: see declaration of 'pfoff'
d:\studio 3\raytracer_20170207\raytracer\raytracer\CImg.h(21274): warning C4456: declaration of 'poff' hides previous local declaration
  d:\studio 3\raytracer_20170207\raytracer\raytracer\CImg.h(21259): note: see declaration of 'poff'
d:\studio 3\raytracer_20170207\raytracer\raytracer\CImg.h(21275): warning C4456: declaration of 'pfoff' hides previous local declaration
  d:\studio 3\raytracer_20170207\raytracer\raytracer\CImg.h(21260): note: see declaration of 'pfoff'
d:\studio 3\raytracer_20170207\raytracer\raytracer\CImg.h(21325): warning C4456: declaration of 'poff' hides previous local declaration
  d:\studio 3\raytracer_20170207\raytracer\raytracer\CImg.h(21310): note: see declaration of 'poff'
d:\studio 3\raytracer_20170207\raytracer\raytracer\CImg.h(21326): warning C4456: declaration of 'pfoff' hides previous local declaration
  d:\studio 3\raytracer_20170207\raytracer\raytracer\CImg.h(21311): note: see declaration of 'pfoff'
d:\studio 3\raytracer_20170207\raytracer\raytracer\CImg.h(21377): warning C4456: declaration of 'poff' hides previous local declaration
  d:\studio 3\raytracer_20170207\raytracer\raytracer\CImg.h(21362): note: see declaration of 'poff'
d:\studio 3\raytracer_20170207\raytracer\raytracer\CImg.h(21378): warning C4456: declaration of 'pfoff' hides previous local declaration
  d:\studio 3\raytracer_20170207\raytracer\raytracer\CImg.h(21363): note: see declaration of 'pfoff'
d:\studio 3\raytracer_20170207\raytracer\raytracer\CImg.h(34678): warning C4456: declaration of 'c' hides previous local declaration
  d:\studio 3\raytracer_20170207\raytracer\raytracer\CImg.h(34668): note: see declaration of 'c'
  d:\studio 3\raytracer_20170207\raytracer\raytracer\CImg.h(34602): note: see reference to function template instantiation 'cimg_library::CImg<unsigned char> &cimg_library::CImg<unsigned char>::_draw_text<tc1,tc2,T>(const int,const int,const char *const ,const tc1 *const ,const tc2 *const ,const float,const cimg_library::CImgList<T> &,const bool)' being compiled
          with
          [
              tc1=unsigned char,
              tc2=unsigned char,
              T=unsigned char
          ]
  d:\studio 3\raytracer_20170207\raytracer\raytracer\CImg.h(34602): note: see reference to function template instantiation 'cimg_library::CImg<unsigned char> &cimg_library::CImg<unsigned char>::_draw_text<tc1,tc2,T>(const int,const int,const char *const ,const tc1 *const ,const tc2 *const ,const float,const cimg_library::CImgList<T> &,const bool)' being compiled
          with
          [
              tc1=unsigned char,
              tc2=unsigned char,
              T=unsigned char
          ]
  d:\studio 3\raytracer_20170207\raytracer\raytracer\CImg.h(49879): note: see reference to function template instantiation 'cimg_library::CImg<unsigned char> &cimg_library::CImg<unsigned char>::draw_text<unsigned char,unsigned char>(const int,const int,const char *const ,const tc1 *const ,const tc2 *const ,const float,const unsigned int,...)' being compiled
          with
          [
              tc1=unsigned char,
              tc2=unsigned char
          ]
  d:\studio 3\raytracer_20170207\raytracer\raytracer\CImg.h(49879): note: see reference to function template instantiation 'cimg_library::CImg<unsigned char> &cimg_library::CImg<unsigned char>::draw_text<unsigned char,unsigned char>(const int,const int,const char *const ,const tc1 *const ,const tc2 *const ,const float,const unsigned int,...)' being compiled
          with
          [
              tc1=unsigned char,
              tc2=unsigned char
          ]
  d:\studio 3\raytracer_20170207\raytracer\raytracer\CImg.h(50015): note: see reference to function template instantiation 'int cimg_library::cimg::dialog<unsigned char>(const char *const ,const char *const ,const char *const ,const char *const ,const char *const ,const char *const ,const char *const ,const char *const ,const cimg_library::CImg<unsigned char> &,const bool)' being compiled
d:\studio 3\raytracer_20170207\raytracer\raytracer\CImg.h(34682): warning C4456: declaration of 'c' hides previous local declaration
  d:\studio 3\raytracer_20170207\raytracer\raytracer\CImg.h(34668): note: see declaration of 'c'
  raytracer.vcxproj -> D:\studio 3\raytracer_20170207\raytracer\bin\raytracer64.exe
